<?xml version="1.0" encoding="UTF-8"?>
<!-- Generated by org.testng.reporters.JUnitXMLReporter -->
<testsuite hostname="DESKTOP-QHJUV5M" ignored="0" name="Default test" tests="3" failures="0" timestamp="26 Nov 2019 08:42:21 GMT" time="0.149" errors="0">
  <testcase name="CreateUserTest" time="0.019" classname="User_Test.User_Test.USet_test"/>
  <testcase name="ModifyUserTest" time="0.002" classname="User_Test.User_Test.USet_test"/>
  <testcase name="delete_User_Test" time="0.001" classname="User_Test.User_Test.USet_test"/>
</testsuite> <!-- Default test -->
